<?xml version="1.0" encoding="UTF-8"?>
<!-- Generated by org.testng.reporters.JUnitReportReporter -->
<testsuite hostname="DESKTOP-EQ55Q8H" failures="0" tests="1" name="reqresTestCase.CreateuserForNormalWay" time="1.644" errors="0" timestamp="2025-01-20T10:04:41 IST" skipped="0">
  <testcase classname="reqresTestCase.CreateuserForNormalWay" name="getUserUsingReqSpec" time="1.644"/>
</testsuite> <!-- reqresTestCase.CreateuserForNormalWay -->
