<?xml version="1.0" encoding="UTF-8"?>
<!-- Generated by org.testng.reporters.JUnitReportReporter -->
<testsuite hostname="DESKTOP-EQ55Q8H" failures="0" tests="1" name="reqresTestCase.CreateuserForNormalWay" time="2.387" errors="0" timestamp="2025-04-04T11:25:00 IST" skipped="0">
  <testcase classname="reqresTestCase.CreateuserForNormalWay" name="createUserWithValidData" time="2.387"/>
</testsuite> <!-- reqresTestCase.CreateuserForNormalWay -->
