<?xml version="1.0" encoding="UTF-8"?>
<!-- Generated by org.testng.reporters.JUnitReportReporter -->
<testsuite hostname="DESKTOP-EQ55Q8H" failures="0" tests="1" name="reqresTestCase.GetMethodTestCase" time="1.780" errors="0" timestamp="2025-01-16T12:05:30 IST" skipped="0">
  <testcase classname="reqresTestCase.GetMethodTestCase" name="toVerifyCreateNewUserWithValidDetails" time="1.780"/>
</testsuite> <!-- reqresTestCase.GetMethodTestCase -->
