<?xml version="1.0" encoding="UTF-8"?>
<!-- Generated by org.testng.reporters.JUnitReportReporter -->
<testsuite hostname="DESKTOP-EQ55Q8H" failures="0" tests="1" name="reqresTestCase.CreateuserForNormalWay" time="2.195" errors="0" timestamp="2025-01-29T09:29:08 IST" skipped="0">
  <testcase classname="reqresTestCase.CreateuserForNormalWay" name="updateUserDetailsUsingReqSpec" time="2.195"/>
</testsuite> <!-- reqresTestCase.CreateuserForNormalWay -->
