<?xml version="1.0" encoding="UTF-8"?>
<!-- Generated by org.testng.reporters.JUnitReportReporter -->
<testsuite hostname="DESKTOP-EQ55Q8H" failures="0" tests="1" name="reqresTestCase.GetMethodTestCase" time="2.170" errors="0" timestamp="2025-04-04T11:27:41 IST" skipped="0">
  <testcase classname="reqresTestCase.GetMethodTestCase" name="toVerifySingleUserWithValidID" time="2.170"/>
</testsuite> <!-- reqresTestCase.GetMethodTestCase -->
