<?xml version="1.0" encoding="UTF-8"?>
<!-- Generated by org.testng.reporters.JUnitReportReporter -->
<testsuite hostname="DESKTOP-EQ55Q8H" failures="0" tests="7" name="reqresTestCase.SampleTestCase" time="3.995" errors="0" timestamp="2025-01-02T09:38:46 IST" skipped="0">
  <testcase classname="reqresTestCase.SampleTestCase" name="toVerifyListOFUsersWithValidPage" time="2.205"/>
  <testcase classname="reqresTestCase.SampleTestCase" name="toVerifyListOFUsersWithInValidPage" time="0.383"/>
  <testcase classname="reqresTestCase.SampleTestCase" name="toVerifySingleUserWithValidUserID" time="0.072"/>
  <testcase classname="reqresTestCase.SampleTestCase" name="toVerifySingleUserWithInValidUserID" time="0.311"/>
  <testcase classname="reqresTestCase.SampleTestCase" name="toVerifyCreateNewUserWithValidDetails" time="0.357"/>
  <testcase classname="reqresTestCase.SampleTestCase" name="toVerifyUpdateWithValidDetails" time="0.341"/>
  <testcase classname="reqresTestCase.SampleTestCase" name="toVerifyUpdateAllValidDetails" time="0.326"/>
</testsuite> <!-- reqresTestCase.SampleTestCase -->
