<?xml version="1.0" encoding="UTF-8"?>
<!-- Generated by org.testng.reporters.JUnitReportReporter -->
<testsuite hostname="DESKTOP-EQ55Q8H" failures="0" tests="1" name="reqresTestCase.GetMethodTestCase" time="2.308" errors="0" timestamp="2025-04-11T12:22:47 IST" skipped="0">
  <testcase classname="reqresTestCase.GetMethodTestCase" name="toVerifyCreateNewUserWithValidDetails" time="2.308"/>
</testsuite> <!-- reqresTestCase.GetMethodTestCase -->
